<?xml version="1.0" encoding="UTF-8"?>
<!-- Generated by org.testng.reporters.JUnitXMLReporter -->
<testsuite ignored="0" hostname="MLI01271" failures="0" tests="3" name="Default test" time="30.63" errors="0" timestamp="2024-05-19T14:00:26 IST">
  <testcase classname="testLayer.TestDuobedPages" name="testSignInPage" time="0.547"/>
  <testcase classname="testLayer.TestDuobedPages" name="testAccountPage" time="17.014"/>
  <testcase classname="testLayer.TestDuobedPages" name="testLandingPage" time="2.865"/>
</testsuite> <!-- Default test -->
