<?xml version="1.0" encoding="UTF-8"?>
<!-- Generated by org.testng.reporters.JUnitXMLReporter -->
<testsuite ignored="2" hostname="MLI01271" failures="0" tests="3" name="Test" time="35.789" errors="0" timestamp="2024-05-20T12:59:29 IST">
  <testcase classname="testLayer.TestDuobedPages" name="testSignInPage" time="0.467"/>
  <testcase classname="testLayer.TestDuobedPages" name="testAccountPage" time="15.185"/>
  <testcase classname="testLayer.TestDuobedPages" name="testLandingPage" time="9.792"/>
  <testcase classname="testBaseLayer.TestBase" name="@BeforeSuite startMethod" time="0.0">
    <ignored/>
  </testcase> <!-- @BeforeSuite startMethod -->
  <testcase classname="testBaseLayer.TestBase" name="@AfterSuite endMethod" time="0.0">
    <ignored/>
  </testcase> <!-- @AfterSuite endMethod -->
</testsuite> <!-- Test -->
