<?xml version="1.0" encoding="UTF-8"?>
<testng-results ignored="0" total="3" passed="3" failed="0" skipped="0">
  <reporter-output>
  </reporter-output>
  <suite started-at="2024-05-20T12:58:54 IST" name="Suite" finished-at="2024-05-20T12:59:29 IST" duration-ms="35789">
    <groups>
    </groups>
    <test started-at="2024-05-20T12:58:54 IST" name="Test" finished-at="2024-05-20T12:59:29 IST" duration-ms="35789">
      <class name="testLayer.TestDuobedPages">
        <test-method is-config="true" signature="startMethod()[pri:0, instance:testLayer.TestDuobedPages@3b0fe47a]" started-at="2024-05-20T12:58:53 IST" name="startMethod" finished-at="2024-05-20T12:58:54 IST" duration-ms="121" status="PASS">
          <reporter-output>
          </reporter-output>
        </test-method> <!-- startMethod -->
        <test-method is-config="true" signature="setUp()[pri:0, instance:testLayer.TestDuobedPages@3b0fe47a]" started-at="2024-05-20T12:58:54 IST" name="setUp" finished-at="2024-05-20T12:59:04 IST" duration-ms="10281" status="PASS">
          <reporter-output>
          </reporter-output>
        </test-method> <!-- setUp -->
        <test-method signature="testSignInPage()[pri:1, instance:testLayer.TestDuobedPages@3b0fe47a]" started-at="2024-05-20T12:59:04 IST" name="testSignInPage" finished-at="2024-05-20T12:59:04 IST" duration-ms="467" status="PASS">
          <reporter-output>
          </reporter-output>
        </test-method> <!-- testSignInPage -->
        <test-method signature="testAccountPage()[pri:2, instance:testLayer.TestDuobedPages@3b0fe47a]" started-at="2024-05-20T12:59:04 IST" name="testAccountPage" finished-at="2024-05-20T12:59:19 IST" duration-ms="15185" status="PASS">
          <reporter-output>
          </reporter-output>
        </test-method> <!-- testAccountPage -->
        <test-method signature="testLandingPage()[pri:3, instance:testLayer.TestDuobedPages@3b0fe47a]" started-at="2024-05-20T12:59:20 IST" name="testLandingPage" finished-at="2024-05-20T12:59:29 IST" duration-ms="9792" status="PASS">
          <reporter-output>
          </reporter-output>
        </test-method> <!-- testLandingPage -->
        <test-method is-config="true" signature="tearDown()[pri:0, instance:testLayer.TestDuobedPages@3b0fe47a]" started-at="2024-05-20T12:59:29 IST" name="tearDown" finished-at="2024-05-20T12:59:29 IST" duration-ms="11" status="PASS">
          <reporter-output>
          </reporter-output>
        </test-method> <!-- tearDown -->
        <test-method is-config="true" signature="endMethod()[pri:0, instance:testLayer.TestDuobedPages@3b0fe47a]" started-at="2024-05-20T12:59:29 IST" name="endMethod" finished-at="2024-05-20T12:59:29 IST" duration-ms="0" status="PASS">
          <reporter-output>
          </reporter-output>
        </test-method> <!-- endMethod -->
      </class> <!-- testLayer.TestDuobedPages -->
    </test> <!-- Test -->
  </suite> <!-- Suite -->
</testng-results>
