<?xml version="1.0" encoding="UTF-8"?>
<!-- Generated by org.testng.reporters.JUnitXMLReporter -->
<testsuite ignored="0" hostname="MLI01271" failures="1" tests="2" name="DemoTest" time="22.109" errors="0" timestamp="2024-05-18T19:03:18 IST">
  <testcase classname="testLayer.TestAccountPage" name="testAccountPage" time="0.017">
    <failure type="java.lang.NullPointerException" message="Cannot invoke &amp;quot;pageLayer.AccountPage.verifyTitle()&amp;quot; because &amp;quot;testLayer.TestAccountPage.accountPage&amp;quot; is null">
      <![CDATA[java.lang.NullPointerException: Cannot invoke "pageLayer.AccountPage.verifyTitle()" because "testLayer.TestAccountPage.accountPage" is null
at testLayer.TestAccountPage.testAccountPage(TestAccountPage.java:11)
at java.base/java.util.ArrayList.forEach(ArrayList.java:1511)
... Removed 27 stack frames]]>
    </failure>
  </testcase> <!-- testAccountPage -->
  <testcase classname="testLayer.TestSignInPage" name="testSignInPage" time="0.588"/>
</testsuite> <!-- DemoTest -->
